2026-03-09 15:18:03 - INFO - ==================================================
2026-03-09 15:18:03 - INFO - 库街区自动签到程序启动
2026-03-09 15:18:03 - INFO - ==================================================
2026-03-09 15:18:03 - INFO - 2026-03-09 开始签到任务
2026-03-09 15:18:04 - INFO - name 签到开始
2026-03-09 15:18:04 - INFO - 鸣潮 开始签到
2026-03-09 15:18:05 - INFO - 鸣潮 签到成功，签到奖励: 中级共鸣促剂
2026-03-09 15:18:05 - INFO - 鸣潮 可补签天数: 0
2026-03-09 15:18:05 - INFO - 开始执行论坛每日任务
2026-03-09 15:18:05 - INFO - 成功获取任务列表，共 4 个任务
2026-03-09 15:18:05 - INFO - 开始处理任务: 用户签到
2026-03-09 15:18:05 - INFO - 论坛签到成功
2026-03-09 15:18:06 - INFO - 开始处理任务: 浏览3篇帖子
2026-03-09 15:18:06 - INFO - 成功获取帖子列表，共 10 篇
2026-03-09 15:18:12 - INFO - 开始处理任务: 点赞5次
2026-03-09 15:18:12 - INFO - 成功获取帖子列表，共 10 篇
2026-03-09 15:18:12 - INFO - 第 1 次点赞成功
2026-03-09 15:18:13 - INFO - 第 2 次点赞成功
2026-03-09 15:18:14 - INFO - 第 3 次点赞成功
2026-03-09 15:18:15 - INFO - 第 4 次点赞成功
2026-03-09 15:18:16 - INFO - 第 5 次点赞成功
2026-03-09 15:18:18 - INFO - 开始处理任务: 分享1次帖子
2026-03-09 15:18:18 - INFO - 成功分享帖子
2026-03-09 15:18:19 - INFO - 成功获取任务列表，共 4 个任务
2026-03-09 15:18:19 - INFO - 今日任务已完成，总计获取金币: 80；现在剩余：760 金币
2026-03-09 15:18:19 - INFO - 论坛签到流程完成
2026-03-09 15:18:19 - INFO - name 签到完成
2026-03-09 15:18:19 - INFO - 2026-03-09 签到结果总结：
签到成功的用户: name
签到失败的用户: 无
2026-03-09 15:18:19 - ERROR - 推送配置文件不存在: D:\CODE\test\config\push.ini
2026-03-09 15:18:19 - INFO - 推送服务未启用
2026-03-09 15:18:19 - INFO - ==================================================
2026-03-09 15:18:19 - INFO - 签到任务执行完成
2026-03-09 15:18:19 - INFO - ==================================================
