2026-02-26 10:28:08 - INFO - ==================================================
2026-02-26 10:28:08 - INFO - 库街区自动签到程序启动
2026-02-26 10:28:08 - INFO - ==================================================
2026-02-26 10:28:08 - INFO - 2026-02-26 开始签到任务
2026-02-26 10:28:08 - INFO - 2026-02-26 签到结果总结：
签到成功的用户: 无
签到失败的用户: 无
2026-02-26 10:28:08 - ERROR - 推送配置文件不存在: D:\CODE\test\config\push.ini
2026-02-26 10:28:08 - INFO - 推送服务未启用
2026-02-26 10:28:08 - INFO - ==================================================
2026-02-26 10:28:08 - INFO - 签到任务执行完成
2026-02-26 10:28:08 - INFO - ==================================================
2026-02-26 10:41:55 - INFO - ==================================================
2026-02-26 10:41:55 - INFO - 库街区自动签到程序启动
2026-02-26 10:41:55 - INFO - ==================================================
2026-02-26 10:41:55 - INFO - 2026-02-26 开始签到任务
2026-02-26 10:41:57 - INFO - name 签到开始
2026-02-26 10:41:57 - INFO - name 配置文件不完整，开始执行填充流程
2026-02-26 10:41:57 - INFO - 获取用户信息成功，用户ID: 31532511
2026-02-26 10:41:57 - INFO - 获取游戏3角色ID成功: 133695378
2026-02-26 10:41:57 - ERROR - 获取绑定游戏账号列表失败: 请求成功
2026-02-26 10:41:57 - INFO - name 的配置文件已成功填充
2026-02-26 10:41:57 - INFO - 鸣潮 开始签到
2026-02-26 10:41:57 - INFO - 鸣潮 签到成功，签到奖励: 中级共鸣促剂
2026-02-26 10:41:58 - INFO - 鸣潮 可补签天数: 0
2026-02-26 10:41:58 - INFO - 开始执行论坛每日任务
2026-02-26 10:41:58 - INFO - 成功获取任务列表，共 4 个任务
2026-02-26 10:41:58 - INFO - 开始处理任务: 浏览3篇帖子
2026-02-26 10:41:58 - INFO - 成功获取帖子列表，共 10 篇
2026-02-26 10:42:03 - INFO - 开始处理任务: 点赞5次
2026-02-26 10:42:03 - INFO - 成功获取帖子列表，共 10 篇
2026-02-26 10:42:03 - INFO - 第 1 次点赞成功
2026-02-26 10:42:04 - INFO - 第 2 次点赞成功
2026-02-26 10:42:05 - INFO - 第 3 次点赞成功
2026-02-26 10:42:06 - INFO - 第 4 次点赞成功
2026-02-26 10:42:08 - INFO - 第 5 次点赞成功
2026-02-26 10:42:10 - INFO - 开始处理任务: 分享1次帖子
2026-02-26 10:42:10 - INFO - 成功分享帖子
2026-02-26 10:42:11 - INFO - 成功获取任务列表，共 4 个任务
2026-02-26 10:42:11 - INFO - 今日任务已完成，总计获取金币: 80；现在剩余：200 金币
2026-02-26 10:42:11 - INFO - 论坛签到流程完成
2026-02-26 10:42:11 - INFO - name 签到完成
2026-02-26 10:42:11 - INFO - 2026-02-26 签到结果总结：
签到成功的用户: name
签到失败的用户: 无
2026-02-26 10:42:11 - ERROR - 推送配置文件不存在: D:\CODE\test\config\push.ini
2026-02-26 10:42:11 - INFO - 推送服务未启用
2026-02-26 10:42:11 - INFO - ==================================================
2026-02-26 10:42:11 - INFO - 签到任务执行完成
2026-02-26 10:42:11 - INFO - ==================================================
